#
# There is insufficient memory for the Java Runtime Environment to continue.
# Native memory allocation (mmap) failed to map 35651584 bytes for Failed to commit area from 0x000000070fa00000 to 0x0000000711c00000 of length 35651584.
# Possible reasons:
#   The system is out of physical RAM or swap space
#   The process is running with CompressedOops enabled, and the Java Heap may be blocking the growth of the native heap
# Possible solutions:
#   Reduce memory load on the system
#   Increase physical memory or swap space
#   Check if swap backing store is full
#   Decrease Java heap size (-Xmx/-Xms)
#   Decrease number of Java threads
#   Decrease Java thread stack sizes (-Xss)
#   Set larger code cache with -XX:ReservedCodeCacheSize=
#   JVM is running with Zero Based Compressed Oops mode in which the Java heap is
#     placed in the first 32GB address space. The Java Heap base address is the
#     maximum limit for the native heap growth. Please use -XX:HeapBaseMinAddress
#     to set the Java Heap base and to place the Java Heap above 32GB virtual address.
# This output file may be truncated or incomplete.
#
#  Out of Memory Error (./src/hotspot/os/windows/os_windows.cpp:3329), pid=38176, tid=38296
#
# JRE version: OpenJDK Runtime Environment Zulu13.52+15-CA (13.0.13+5) (build 13.0.13+5-MTS)
# Java VM: OpenJDK 64-Bit Server VM Zulu13.52+15-CA (13.0.13+5-MTS, mixed mode, sharing, tiered, compressed oops, g1 gc, windows-amd64)
# No core dump will be written. Minidumps are not enabled by default on client versions of Windows
#

---------------  S U M M A R Y ------------

Command Line: -XX:TieredStopAtLevel=1 -Dspring.output.ansi.enabled=always -Dcom.sun.management.jmxremote -Dspring.jmx.enabled=true -Dspring.liveBeansView.mbeanDomain -Dspring.application.admin.enabled=true -Dmanagement.endpoints.jmx.exposure.include=* -javaagent:D:\idea\IntelliJ IDEA 2022.3\lib\idea_rt.jar=57916:D:\idea\IntelliJ IDEA 2022.3\bin -Dfile.encoding=UTF-8 com.trkj.yuyueredis.YuyueRedisApplication

Host: 12th Gen Intel(R) Core(TM) i7-12650H, 16 cores, 15G,  Windows 11 , 64 bit Build 22000 (10.0.22000.1335)
Time: Fri Feb 10 09:23:26 2023 中国标准时间 elapsed time: 10.477516 seconds (0d 0h 0m 10s)

---------------  T H R E A D  ---------------

Current thread (0x000001dd1b274000):  VMThread "VM Thread" [stack: 0x0000006dbf500000,0x0000006dbf600000] [id=38296]

Stack: [0x0000006dbf500000,0x0000006dbf600000]
[error occurred during error reporting (printing stack bounds), id 0xc0000005, EXCEPTION_ACCESS_VIOLATION (0xc0000005) at pc=0x000001dd000010ad]

Native frames: (J=compiled Java code, j=interpreted, Vv=VM code, C=native code)
V  [jvm.dll+0x637d3a]
V  [jvm.dll+0x7e508a]
V  [jvm.dll+0x7e6743]
V  [jvm.dll+0x7e6ce5]
V  [jvm.dll+0x7e6c9b]
V  [jvm.dll+0x63720f]
V  [jvm.dll+0x6379d8]
C  [ntdll.dll+0xa8b1f]
C  [ntdll.dll+0x35b9a]
C  [ntdll.dll+0xa7b2e]
C  0x000001dd000010ad

VM_Operation (0x0000006dbeffc100): G1CollectForAllocation, mode: safepoint, requested by thread 0x000001dd7434c800


---------------  P R O C E S S  ---------------

Threads class SMR info:
_java_thread_list=0x000001dd21039230, length=69, elements={
0x000001dd7434c800, 0x000001dd1b275800, 0x000001dd1b277800, 0x000001dd1b29a000,
0x000001dd1b29d000, 0x000001dd1b29e000, 0x000001dd1b29f000, 0x000001dd1b2a3000,
0x000001dd1a8c8000, 0x000001dd1ba93000, 0x000001dd1bbc2000, 0x000001dd1c410800,
0x000001dd1c456000, 0x000001dd1c51d800, 0x000001dd1c9de800, 0x000001dd1ca69000,
0x000001dd1ca6b000, 0x000001dd1ca75000, 0x000001dd1ca76000, 0x000001dd1ca76800,
0x000001dd1ca77800, 0x000001dd1ca78800, 0x000001dd1ca74000, 0x000001dd1ca79000,
0x000001dd1ca7a000, 0x000001dd1ca7a800, 0x000001dd1e835000, 0x000001dd1e837800,
0x000001dd1e838800, 0x000001dd1e839000, 0x000001dd1e836000, 0x000001dd1e834800,
0x000001dd1e83a000, 0x000001dd1e83c800, 0x000001dd1e83b000, 0x000001dd1e836800,
0x000001dd1e83d800, 0x000001dd1e83e000, 0x000001dd1e841800, 0x000001dd1e840800,
0x000001dd1e83f800, 0x000001dd1e83f000, 0x000001dd1e83b800, 0x000001dd1e842000,
0x000001dd1e843000, 0x000001dd20f26000, 0x000001dd20f29000, 0x000001dd20f28000,
0x000001dd20f25000, 0x000001dd20f27800, 0x000001dd20f2a000, 0x000001dd20f2a800,
0x000001dd20f2c800, 0x000001dd20f2b800, 0x000001dd20f26800, 0x000001dd20f33000,
0x000001dd20f31000, 0x000001dd20f32000, 0x000001dd20f2e000, 0x000001dd20f2d000,
0x000001dd20f33800, 0x000001dd20f2f000, 0x000001dd20f2f800, 0x000001dd20f30800,
0x000001dd20fbd000, 0x000001dd20fbb800, 0x000001dd20fb9000, 0x000001dd20fbc000,
0x000001dd20fb7000
}

Java Threads: ( => current thread )
  0x000001dd7434c800 JavaThread "main" [_thread_blocked, id=38280, stack(0x0000006dbef00000,0x0000006dbf000000)]
  0x000001dd1b275800 JavaThread "Reference Handler" daemon [_thread_blocked, id=38232, stack(0x0000006dbf600000,0x0000006dbf700000)]
  0x000001dd1b277800 JavaThread "Finalizer" daemon [_thread_blocked, id=38248, stack(0x0000006dbf700000,0x0000006dbf800000)]
  0x000001dd1b29a000 JavaThread "Signal Dispatcher" daemon [_thread_blocked, id=38272, stack(0x0000006dbf800000,0x0000006dbf900000)]
  0x000001dd1b29d000 JavaThread "Attach Listener" daemon [_thread_blocked, id=38528, stack(0x0000006dbf900000,0x0000006dbfa00000)]
  0x000001dd1b29e000 JavaThread "Service Thread" daemon [_thread_blocked, id=38660, stack(0x0000006dbfa00000,0x0000006dbfb00000)]
  0x000001dd1b29f000 JavaThread "C1 CompilerThread0" daemon [_thread_blocked, id=38204, stack(0x0000006dbfb00000,0x0000006dbfc00000)]
  0x000001dd1b2a3000 JavaThread "Sweeper thread" daemon [_thread_blocked, id=38100, stack(0x0000006dbfc00000,0x0000006dbfd00000)]
  0x000001dd1a8c8000 JavaThread "Common-Cleaner" daemon [_thread_blocked, id=32752, stack(0x0000006dbfd00000,0x0000006dbfe00000)]
  0x000001dd1ba93000 JavaThread "Monitor Ctrl-Break" daemon [_thread_in_native, id=9932, stack(0x0000006dbfe00000,0x0000006dbff00000)]
  0x000001dd1bbc2000 JavaThread "RMI TCP Accept-0" daemon [_thread_in_native, id=27492, stack(0x0000006dbff00000,0x0000006dc0000000)]
  0x000001dd1c410800 JavaThread "RMI TCP Connection(2)-127.0.0.1" daemon [_thread_in_native, id=32304, stack(0x0000006dc0600000,0x0000006dc0700000)]
  0x000001dd1c456000 JavaThread "RMI Scheduler(0)" daemon [_thread_blocked, id=27252, stack(0x0000006dc0700000,0x0000006dc0800000)]
  0x000001dd1c51d800 JavaThread "AsyncAppender-Worker-asyncFileAppender" daemon [_thread_blocked, id=24804, stack(0x0000006dc0800000,0x0000006dc0900000)]
  0x000001dd1c9de800 JavaThread "Timer-0" daemon [_thread_blocked, id=22036, stack(0x0000006dc0a00000,0x0000006dc0b00000)]
  0x000001dd1ca69000 JavaThread "Keep-Alive-Timer" daemon [_thread_blocked, id=38904, stack(0x0000006dc0e00000,0x0000006dc0f00000)]
  0x000001dd1ca6b000 JavaThread "com.alibaba.nacos.client.config.security.updater" daemon [_thread_blocked, id=32660, stack(0x0000006dc0f00000,0x0000006dc1000000)]
  0x000001dd1ca75000 JavaThread "com.alibaba.nacos.client.Worker.fixed-127.0.0.1_8848-3399f824-3168-435e-a977-d15ab7fb2bcd" daemon [_thread_blocked, id=39152, stack(0x0000006dc1000000,0x0000006dc1100000)]
  0x000001dd1ca76000 JavaThread "pool-1-thread-1" [_thread_blocked, id=27456, stack(0x0000006dc1100000,0x0000006dc1200000)]
  0x000001dd1ca76800 JavaThread "AsyncAppender-Worker-asyncFileAppender" daemon [_thread_blocked, id=31860, stack(0x0000006dc0900000,0x0000006dc0a00000)]
  0x000001dd1ca77800 JavaThread "AsyncAppender-Worker-asyncFileAppender" daemon [_thread_blocked, id=38892, stack(0x0000006dc1200000,0x0000006dc1300000)]
  0x000001dd1ca78800 JavaThread "spring.cloud.inetutils" daemon [_thread_blocked, id=26540, stack(0x0000006dc1500000,0x0000006dc1600000)]
  0x000001dd1ca74000 JavaThread "com.alibaba.nacos.naming.client.listener" daemon [_thread_blocked, id=22276, stack(0x0000006dc1600000,0x0000006dc1700000)]
  0x000001dd1ca79000 JavaThread "com.alibaba.nacos.client.naming.updater" daemon [_thread_blocked, id=39236, stack(0x0000006dc1700000,0x0000006dc1800000)]
  0x000001dd1ca7a000 JavaThread "com.alibaba.nacos.client.naming.updater" daemon [_thread_blocked, id=39248, stack(0x0000006dc1800000,0x0000006dc1900000)]
  0x000001dd1ca7a800 JavaThread "com.alibaba.nacos.naming.failover" daemon [_thread_blocked, id=39292, stack(0x0000006dc1900000,0x0000006dc1a00000)]
  0x000001dd1e835000 JavaThread "com.alibaba.nacos.naming.push.receiver" daemon [_thread_in_native, id=39272, stack(0x0000006dc1a00000,0x0000006dc1b00000)]
  0x000001dd1e837800 JavaThread "Catalina-utility-1" [_thread_blocked, id=39888, stack(0x0000006dc1b00000,0x0000006dc1c00000)]
  0x000001dd1e838800 JavaThread "Catalina-utility-2" [_thread_blocked, id=29940, stack(0x0000006dc1c00000,0x0000006dc1d00000)]
  0x000001dd1e839000 JavaThread "container-0" [_thread_blocked, id=39028, stack(0x0000006dc1d00000,0x0000006dc1e00000)]
  0x000001dd1e836000 JavaThread "lettuce-eventExecutorLoop-1-1" daemon [_thread_blocked, id=508, stack(0x0000006dc2200000,0x0000006dc2300000)]
  0x000001dd1e834800 JavaThread "mysql-cj-abandoned-connection-cleanup" daemon [_thread_blocked, id=24032, stack(0x0000006dc2300000,0x0000006dc2400000)]
  0x000001dd1e83a000 JavaThread "Druid-ConnectionPool-Create-4266291" daemon [_thread_blocked, id=33452, stack(0x0000006dc2400000,0x0000006dc2500000)]
  0x000001dd1e83c800 JavaThread "Druid-ConnectionPool-Destroy-4266291" daemon [_thread_blocked, id=27612, stack(0x0000006dc2500000,0x0000006dc2600000)]
  0x000001dd1e83b000 JavaThread "com.alibaba.nacos.client.naming.updater" daemon [_thread_blocked, id=7296, stack(0x0000006dc2600000,0x0000006dc2700000)]
  0x000001dd1e836800 JavaThread "http-nio-8080-BlockPoller" daemon [_thread_in_native, id=33164, stack(0x0000006dc2700000,0x0000006dc2800000)]
  0x000001dd1e83d800 JavaThread "http-nio-8080-exec-1" daemon [_thread_blocked, id=30524, stack(0x0000006dc2800000,0x0000006dc2900000)]
  0x000001dd1e83e000 JavaThread "http-nio-8080-exec-2" daemon [_thread_blocked, id=34708, stack(0x0000006dc2900000,0x0000006dc2a00000)]
  0x000001dd1e841800 JavaThread "http-nio-8080-exec-3" daemon [_thread_blocked, id=29340, stack(0x0000006dc2a00000,0x0000006dc2b00000)]
  0x000001dd1e840800 JavaThread "http-nio-8080-exec-4" daemon [_thread_blocked, id=15224, stack(0x0000006dc2b00000,0x0000006dc2c00000)]
  0x000001dd1e83f800 JavaThread "http-nio-8080-exec-5" daemon [_thread_blocked, id=33444, stack(0x0000006dc2c00000,0x0000006dc2d00000)]
  0x000001dd1e83f000 JavaThread "http-nio-8080-exec-6" daemon [_thread_blocked, id=38708, stack(0x0000006dc2d00000,0x0000006dc2e00000)]
  0x000001dd1e83b800 JavaThread "http-nio-8080-exec-7" daemon [_thread_blocked, id=38668, stack(0x0000006dc2e00000,0x0000006dc2f00000)]
  0x000001dd1e842000 JavaThread "http-nio-8080-exec-8" daemon [_thread_blocked, id=22760, stack(0x0000006dc2f00000,0x0000006dc3000000)]
  0x000001dd1e843000 JavaThread "http-nio-8080-exec-9" daemon [_thread_blocked, id=10752, stack(0x0000006dc3000000,0x0000006dc3100000)]
  0x000001dd20f26000 JavaThread "http-nio-8080-exec-10" daemon [_thread_blocked, id=22636, stack(0x0000006dc3100000,0x0000006dc3200000)]
  0x000001dd20f29000 JavaThread "http-nio-8080-ClientPoller" daemon [_thread_in_native, id=27860, stack(0x0000006dc3200000,0x0000006dc3300000)]
  0x000001dd20f28000 JavaThread "http-nio-8080-Acceptor" daemon [_thread_in_native, id=30004, stack(0x0000006dc3300000,0x0000006dc3400000)]
  0x000001dd20f25000 JavaThread "com.alibaba.nacos.naming.beat.sender" daemon [_thread_blocked, id=21048, stack(0x0000006dc3400000,0x0000006dc3500000)]
  0x000001dd20f27800 JavaThread "Catalina-utility-1" [_thread_blocked, id=23932, stack(0x0000006dc3500000,0x0000006dc3600000)]
  0x000001dd20f2a000 JavaThread "Catalina-utility-2" [_thread_blocked, id=24644, stack(0x0000006dc3600000,0x0000006dc3700000)]
  0x000001dd20f2a800 JavaThread "container-1" [_thread_blocked, id=28180, stack(0x0000006dc3700000,0x0000006dc3800000)]
  0x000001dd20f2c800 JavaThread "http-nio-8081-BlockPoller" daemon [_thread_in_native, id=31040, stack(0x0000006dc3800000,0x0000006dc3900000)]
  0x000001dd20f2b800 JavaThread "http-nio-8081-exec-1" daemon [_thread_blocked, id=4824, stack(0x0000006dc3900000,0x0000006dc3a00000)]
  0x000001dd20f26800 JavaThread "http-nio-8081-exec-2" daemon [_thread_blocked, id=26424, stack(0x0000006dc3a00000,0x0000006dc3b00000)]
  0x000001dd20f33000 JavaThread "http-nio-8081-exec-3" daemon [_thread_blocked, id=16004, stack(0x0000006dc3b00000,0x0000006dc3c00000)]
  0x000001dd20f31000 JavaThread "http-nio-8081-exec-4" daemon [_thread_blocked, id=20308, stack(0x0000006dc3c00000,0x0000006dc3d00000)]
  0x000001dd20f32000 JavaThread "http-nio-8081-exec-5" daemon [_thread_blocked, id=35020, stack(0x0000006dc3d00000,0x0000006dc3e00000)]
  0x000001dd20f2e000 JavaThread "http-nio-8081-exec-6" daemon [_thread_blocked, id=12540, stack(0x0000006dc3e00000,0x0000006dc3f00000)]
  0x000001dd20f2d000 JavaThread "http-nio-8081-exec-7" daemon [_thread_blocked, id=25528, stack(0x0000006dc3f00000,0x0000006dc4000000)]
  0x000001dd20f33800 JavaThread "http-nio-8081-exec-8" daemon [_thread_blocked, id=9084, stack(0x0000006dc4000000,0x0000006dc4100000)]
  0x000001dd20f2f000 JavaThread "http-nio-8081-exec-9" daemon [_thread_blocked, id=16152, stack(0x0000006dc4100000,0x0000006dc4200000)]
  0x000001dd20f2f800 JavaThread "http-nio-8081-exec-10" daemon [_thread_blocked, id=3044, stack(0x0000006dc4200000,0x0000006dc4300000)]
  0x000001dd20f30800 JavaThread "http-nio-8081-ClientPoller" daemon [_thread_in_native, id=17940, stack(0x0000006dc4300000,0x0000006dc4400000)]
  0x000001dd20fbd000 JavaThread "http-nio-8081-Acceptor" daemon [_thread_in_native, id=24792, stack(0x0000006dc4400000,0x0000006dc4500000)]
  0x000001dd20fbb800 JavaThread "com.alibaba.nacos.naming.beat.sender" daemon [_thread_blocked, id=30624, stack(0x0000006dc4500000,0x0000006dc4600000)]
  0x000001dd20fb9000 JavaThread "com.alibaba.nacos.client.naming.updater" daemon [_thread_blocked, id=30856, stack(0x0000006dc4600000,0x0000006dc4700000)]
  0x000001dd20fbc000 JavaThread "NettyServerBoss-4-1" daemon [_thread_in_native, id=39528, stack(0x0000006dc4700000,0x0000006dc4800000)]
  0x000001dd20fb7000 JavaThread "com.alibaba.nacos.client.naming.updater" daemon [_thread_blocked, id=27120, stack(0x0000006dc4800000,0x0000006dc4900000)]

Other Threads:
=>0x000001dd1b274000 VMThread "VM Thread" [stack: 0x0000006dbf500000,0x0000006dbf600000] [id=38296]
  0x000001dd1bbf0800 WatcherThread [stack: 0x0000006dc0000000,0x0000006dc0100000] [id=16912]
  0x000001dd743b7800 GCTaskThread "GC Thread#0" [stack: 0x0000006dbf000000,0x0000006dbf100000] [id=38300]
  0x000001dd1c29d800 GCTaskThread "GC Thread#1" [stack: 0x0000006dc0100000,0x0000006dc0200000] [id=8580]
  0x000001dd1c261800 GCTaskThread "GC Thread#2" [stack: 0x0000006dc0200000,0x0000006dc0300000] [id=20740]
  0x000001dd1c262000 GCTaskThread "GC Thread#3" [stack: 0x0000006dc0300000,0x0000006dc0400000] [id=25000]
  0x000001dd1c2b0800 GCTaskThread "GC Thread#4" [stack: 0x0000006dc0400000,0x0000006dc0500000] [id=13720]
  0x000001dd1c2b6800 GCTaskThread "GC Thread#5" [stack: 0x0000006dc0500000,0x0000006dc0600000] [id=36888]
  0x000001dd1c2b7000 GCTaskThread "GC Thread#6" [stack: 0x0000006dc1e00000,0x0000006dc1f00000] [id=39172]
  0x000001dd1c2b8000 GCTaskThread "GC Thread#7" [stack: 0x0000006dc1f00000,0x0000006dc2000000] [id=11536]
  0x000001dd1c2b1800 GCTaskThread "GC Thread#8" [stack: 0x0000006dc2000000,0x0000006dc2100000] [id=28032]
  0x000001dd1c2b5800 GCTaskThread "GC Thread#9" [stack: 0x0000006dc2100000,0x0000006dc2200000] [id=32088]
  0x000001dd1c2b8800 GCTaskThread "GC Thread#10" [stack: 0x0000006dc4900000,0x0000006dc4a00000] [id=39112]
  0x000001dd1c2b2000 GCTaskThread "GC Thread#11" [stack: 0x0000006dc4a00000,0x0000006dc4b00000] [id=39336]
  0x000001dd1c2b3000 GCTaskThread "GC Thread#12" [stack: 0x0000006dc4b00000,0x0000006dc4c00000] [id=32164]
  0x000001dd743da800 ConcurrentGCThread "G1 Main Marker" [stack: 0x0000006dbf100000,0x0000006dbf200000] [id=38288]
  0x000001dd743dc000 ConcurrentGCThread "G1 Conc#0" [stack: 0x0000006dbf200000,0x0000006dbf300000] [id=38308]
  0x000001dd1c2b4000 ConcurrentGCThread "G1 Conc#1" [stack: 0x0000006dc0b00000,0x0000006dc0c00000] [id=5716]
  0x000001dd1c2b5000 ConcurrentGCThread "G1 Conc#2" [stack: 0x0000006dc0c00000,0x0000006dc0d00000] [id=30864]
  0x000001dd1a7da800 ConcurrentGCThread "G1 Refine#0" [stack: 0x0000006dbf300000,0x0000006dbf400000] [id=38292]
  0x000001dd1a7db800 ConcurrentGCThread "G1 Young RemSet Sampling" [stack: 0x0000006dbf400000,0x0000006dbf500000] [id=38284]

Threads with active compile tasks:
C1 CompilerThread0    10492 7105       1       java.lang.reflect.Field::get (29 bytes)

VM state:at safepoint (normal execution)

VM Mutex/Monitor currently owned by a thread:  ([mutex/lock_event])
[0x000001dd74349cd0] Threads_lock - owner thread: 0x000001dd1b274000
[0x000001dd74349850] Heap_lock - owner thread: 0x000001dd7434c800

Heap address: 0x0000000705200000, size: 4014 MB, Compressed Oops mode: Zero based, Oop shift amount: 3
Narrow klass base: 0x0000000800000000, Narrow klass shift: 3
Compressed class space size: 1073741824 Address: 0x0000000800b10000

Heap:
 garbage-first heap   total 208896K, used 51006K [0x0000000705200000, 0x0000000800000000)
  region size 1024K, 5 young (5120K), 5 survivors (5120K)
 Metaspace       used 61479K, capacity 63358K, committed 63524K, reserved 1103872K
  class space    used 8181K, capacity 8897K, committed 8960K, reserved 1048576K
Heap Regions: E=young(eden), S=young(survivor), O=old, HS=humongous(starts), HC=humongous(continues), CS=collection set, F=free, A=archive, TAMS=top-at-mark-start (previous, next)
|   0|0x0000000705200000, 0x0000000705300000, 0x0000000705300000|100%| O|  |TAMS 0x0000000705300000, 0x0000000705200000| Untracked 
|   1|0x0000000705300000, 0x0000000705400000, 0x0000000705400000|100%| O|  |TAMS 0x0000000705400000, 0x0000000705300000| Untracked 
|   2|0x0000000705400000, 0x0000000705500000, 0x0000000705500000|100%| O|  |TAMS 0x0000000705500000, 0x0000000705400000| Untracked 
|   3|0x0000000705500000, 0x0000000705600000, 0x0000000705600000|100%| O|  |TAMS 0x0000000705600000, 0x0000000705500000| Untracked 
|   4|0x0000000705600000, 0x0000000705700000, 0x0000000705700000|100%| O|  |TAMS 0x0000000705700000, 0x0000000705600000| Untracked 
|   5|0x0000000705700000, 0x00000007057f2000, 0x0000000705800000| 94%| O|  |TAMS 0x00000007057f2000, 0x0000000705700000| Untracked 
|   6|0x0000000705800000, 0x0000000705900000, 0x0000000705900000|100%| O|  |TAMS 0x0000000705900000, 0x0000000705800000| Untracked 
|   7|0x0000000705900000, 0x0000000705a00000, 0x0000000705a00000|100%| O|  |TAMS 0x0000000705a00000, 0x0000000705900000| Untracked 
|   8|0x0000000705a00000, 0x0000000705b00000, 0x0000000705b00000|100%| O|  |TAMS 0x0000000705b00000, 0x0000000705a00000| Untracked 
|   9|0x0000000705b00000, 0x0000000705c00000, 0x0000000705c00000|100%| O|  |TAMS 0x0000000705c00000, 0x0000000705b00000| Untracked 
|  10|0x0000000705c00000, 0x0000000705d00000, 0x0000000705d00000|100%| O|  |TAMS 0x0000000705d00000, 0x0000000705c00000| Untracked 
|  11|0x0000000705d00000, 0x0000000705e00000, 0x0000000705e00000|100%| O|  |TAMS 0x0000000705e00000, 0x0000000705d00000| Untracked 
|  12|0x0000000705e00000, 0x0000000705f00000, 0x0000000705f00000|100%| O|  |TAMS 0x0000000705f00000, 0x0000000705e00000| Untracked 
|  13|0x0000000705f00000, 0x0000000706000000, 0x0000000706000000|100%| O|  |TAMS 0x0000000706000000, 0x0000000705f00000| Untracked 
|  14|0x0000000706000000, 0x0000000706100000, 0x0000000706100000|100%| O|  |TAMS 0x0000000706100000, 0x0000000706000000| Untracked 
|  15|0x0000000706100000, 0x0000000706200000, 0x0000000706200000|100%| O|  |TAMS 0x0000000706200000, 0x0000000706100000| Untracked 
|  16|0x0000000706200000, 0x0000000706300000, 0x0000000706300000|100%| O|  |TAMS 0x0000000706300000, 0x0000000706200000| Untracked 
|  17|0x0000000706300000, 0x0000000706400000, 0x0000000706400000|100%| O|  |TAMS 0x0000000706400000, 0x0000000706300000| Untracked 
|  18|0x0000000706400000, 0x0000000706500000, 0x0000000706500000|100%| O|  |TAMS 0x0000000706500000, 0x0000000706400000| Untracked 
|  19|0x0000000706500000, 0x0000000706600000, 0x0000000706600000|100%| O|  |TAMS 0x0000000706600000, 0x0000000706500000| Untracked 
|  20|0x0000000706600000, 0x0000000706700000, 0x0000000706700000|100%| O|  |TAMS 0x0000000706700000, 0x0000000706600000| Untracked 
|  21|0x0000000706700000, 0x0000000706800000, 0x0000000706800000|100%| O|  |TAMS 0x0000000706800000, 0x0000000706700000| Untracked 
|  22|0x0000000706800000, 0x0000000706900000, 0x0000000706900000|100%| O|  |TAMS 0x0000000706900000, 0x0000000706800000| Untracked 
|  23|0x0000000706900000, 0x0000000706a00000, 0x0000000706a00000|100%| O|  |TAMS 0x0000000706a00000, 0x0000000706900000| Untracked 
|  24|0x0000000706a00000, 0x0000000706b00000, 0x0000000706b00000|100%| O|  |TAMS 0x0000000706b00000, 0x0000000706a00000| Untracked 
|  25|0x0000000706b00000, 0x0000000706c00000, 0x0000000706c00000|100%| O|  |TAMS 0x0000000706c00000, 0x0000000706b00000| Untracked 
|  26|0x0000000706c00000, 0x0000000706d00000, 0x0000000706d00000|100%| O|  |TAMS 0x0000000706d00000, 0x0000000706c00000| Untracked 
|  27|0x0000000706d00000, 0x0000000706e00000, 0x0000000706e00000|100%| O|  |TAMS 0x0000000706e00000, 0x0000000706d00000| Untracked 
|  28|0x0000000706e00000, 0x0000000706f00000, 0x0000000706f00000|100%| O|  |TAMS 0x0000000706f00000, 0x0000000706e00000| Untracked 
|  29|0x0000000706f00000, 0x0000000707000000, 0x0000000707000000|100%| O|  |TAMS 0x0000000707000000, 0x0000000706f00000| Untracked 
|  30|0x0000000707000000, 0x0000000707100000, 0x0000000707100000|100%| O|  |TAMS 0x0000000707100000, 0x0000000707000000| Untracked 
|  31|0x0000000707100000, 0x0000000707200000, 0x0000000707200000|100%| O|  |TAMS 0x0000000707200000, 0x0000000707100000| Untracked 
|  32|0x0000000707200000, 0x0000000707300000, 0x0000000707300000|100%| O|  |TAMS 0x0000000707300000, 0x0000000707200000| Untracked 
|  33|0x0000000707300000, 0x0000000707400000, 0x0000000707400000|100%| O|  |TAMS 0x0000000707400000, 0x0000000707300000| Untracked 
|  34|0x0000000707400000, 0x0000000707500000, 0x0000000707500000|100%| O|  |TAMS 0x0000000707500000, 0x0000000707400000| Untracked 
|  35|0x0000000707500000, 0x0000000707600000, 0x0000000707600000|100%| O|  |TAMS 0x0000000707600000, 0x0000000707500000| Untracked 
|  36|0x0000000707600000, 0x0000000707700000, 0x0000000707700000|100%| O|  |TAMS 0x0000000707652e00, 0x0000000707600000| Untracked 
|  37|0x0000000707700000, 0x0000000707800000, 0x0000000707800000|100%| O|  |TAMS 0x0000000707700000, 0x0000000707700000| Untracked 
|  38|0x0000000707800000, 0x0000000707900000, 0x0000000707900000|100%| O|  |TAMS 0x0000000707800000, 0x0000000707800000| Untracked 
|  39|0x0000000707900000, 0x0000000707a00000, 0x0000000707a00000|100%| O|  |TAMS 0x0000000707900000, 0x0000000707900000| Untracked 
|  40|0x0000000707a00000, 0x0000000707b00000, 0x0000000707b00000|100%| O|  |TAMS 0x0000000707a00000, 0x0000000707a00000| Untracked 
|  41|0x0000000707b00000, 0x0000000707b33800, 0x0000000707c00000| 20%| O|  |TAMS 0x0000000707b00000, 0x0000000707b00000| Untracked 
|  42|0x0000000707c00000, 0x0000000707d00000, 0x0000000707d00000|100%| O|  |TAMS 0x0000000707c00000, 0x0000000707c00000| Untracked 
|  43|0x0000000707d00000, 0x0000000707e00000, 0x0000000707e00000|100%| O|  |TAMS 0x0000000707d00000, 0x0000000707d00000| Untracked 
|  44|0x0000000707e00000, 0x0000000707f00000, 0x0000000707f00000|100%| O|  |TAMS 0x0000000707e00000, 0x0000000707e00000| Untracked 
|  45|0x0000000707f00000, 0x0000000707fab600, 0x0000000708000000| 66%| O|  |TAMS 0x0000000707f00000, 0x0000000707f00000| Untracked 
|  46|0x0000000708000000, 0x0000000708000000, 0x0000000708100000|  0%| F|  |TAMS 0x0000000708000000, 0x0000000708000000| Untracked 
|  47|0x0000000708100000, 0x0000000708100000, 0x0000000708200000|  0%| F|  |TAMS 0x0000000708100000, 0x0000000708100000| Untracked 
|  48|0x0000000708200000, 0x0000000708200000, 0x0000000708300000|  0%| F|  |TAMS 0x0000000708200000, 0x0000000708200000| Untracked 
|  49|0x0000000708300000, 0x0000000708300000, 0x0000000708400000|  0%| F|  |TAMS 0x0000000708300000, 0x0000000708300000| Untracked 
|  50|0x0000000708400000, 0x0000000708400000, 0x0000000708500000|  0%| F|  |TAMS 0x0000000708400000, 0x0000000708400000| Untracked 
|  51|0x0000000708500000, 0x0000000708500000, 0x0000000708600000|  0%| F|  |TAMS 0x0000000708500000, 0x0000000708500000| Untracked 
|  52|0x0000000708600000, 0x0000000708600000, 0x0000000708700000|  0%| F|  |TAMS 0x0000000708600000, 0x0000000708600000| Untracked 
|  53|0x0000000708700000, 0x0000000708700000, 0x0000000708800000|  0%| F|  |TAMS 0x0000000708700000, 0x0000000708700000| Untracked 
|  54|0x0000000708800000, 0x0000000708800000, 0x0000000708900000|  0%| F|  |TAMS 0x0000000708800000, 0x0000000708800000| Untracked 
|  55|0x0000000708900000, 0x0000000708900000, 0x0000000708a00000|  0%| F|  |TAMS 0x0000000708900000, 0x0000000708900000| Untracked 
|  56|0x0000000708a00000, 0x0000000708a00000, 0x0000000708b00000|  0%| F|  |TAMS 0x0000000708a00000, 0x0000000708a00000| Untracked 
|  57|0x0000000708b00000, 0x0000000708b00000, 0x0000000708c00000|  0%| F|  |TAMS 0x0000000708b00000, 0x0000000708b00000| Untracked 
|  58|0x0000000708c00000, 0x0000000708c00000, 0x0000000708d00000|  0%| F|  |TAMS 0x0000000708c00000, 0x0000000708c00000| Untracked 
|  59|0x0000000708d00000, 0x0000000708d00000, 0x0000000708e00000|  0%| F|  |TAMS 0x0000000708d00000, 0x0000000708d00000| Untracked 
|  60|0x0000000708e00000, 0x0000000708e00000, 0x0000000708f00000|  0%| F|  |TAMS 0x0000000708e00000, 0x0000000708e00000| Untracked 
|  61|0x0000000708f00000, 0x0000000708f00000, 0x0000000709000000|  0%| F|  |TAMS 0x0000000708f00000, 0x0000000708f00000| Untracked 
|  62|0x0000000709000000, 0x0000000709000000, 0x0000000709100000|  0%| F|  |TAMS 0x0000000709000000, 0x0000000709000000| Untracked 
|  63|0x0000000709100000, 0x0000000709100000, 0x0000000709200000|  0%| F|  |TAMS 0x0000000709100000, 0x0000000709100000| Untracked 
|  64|0x0000000709200000, 0x0000000709200000, 0x0000000709300000|  0%| F|  |TAMS 0x0000000709200000, 0x0000000709200000| Untracked 
|  65|0x0000000709300000, 0x0000000709300000, 0x0000000709400000|  0%| F|  |TAMS 0x0000000709300000, 0x0000000709300000| Untracked 
|  66|0x0000000709400000, 0x0000000709400000, 0x0000000709500000|  0%| F|  |TAMS 0x0000000709400000, 0x0000000709400000| Untracked 
|  67|0x0000000709500000, 0x0000000709500000, 0x0000000709600000|  0%| F|  |TAMS 0x0000000709500000, 0x0000000709500000| Untracked 
|  68|0x0000000709600000, 0x0000000709600000, 0x0000000709700000|  0%| F|  |TAMS 0x0000000709600000, 0x0000000709600000| Untracked 
|  69|0x0000000709700000, 0x0000000709700000, 0x0000000709800000|  0%| F|  |TAMS 0x0000000709700000, 0x0000000709700000| Untracked 
|  70|0x0000000709800000, 0x0000000709800000, 0x0000000709900000|  0%| F|  |TAMS 0x0000000709800000, 0x0000000709800000| Untracked 
|  71|0x0000000709900000, 0x0000000709900000, 0x0000000709a00000|  0%| F|  |TAMS 0x0000000709900000, 0x0000000709900000| Untracked 
|  72|0x0000000709a00000, 0x0000000709a00000, 0x0000000709b00000|  0%| F|  |TAMS 0x0000000709a00000, 0x0000000709a00000| Untracked 
|  73|0x0000000709b00000, 0x0000000709b00000, 0x0000000709c00000|  0%| F|  |TAMS 0x0000000709b00000, 0x0000000709b00000| Untracked 
|  74|0x0000000709c00000, 0x0000000709c00000, 0x0000000709d00000|  0%| F|  |TAMS 0x0000000709c00000, 0x0000000709c00000| Untracked 
|  75|0x0000000709d00000, 0x0000000709d00000, 0x0000000709e00000|  0%| F|  |TAMS 0x0000000709d00000, 0x0000000709d00000| Untracked 
|  76|0x0000000709e00000, 0x0000000709e00000, 0x0000000709f00000|  0%| F|  |TAMS 0x0000000709e00000, 0x0000000709e00000| Untracked 
|  77|0x0000000709f00000, 0x0000000709f00000, 0x000000070a000000|  0%| F|  |TAMS 0x0000000709f00000, 0x0000000709f00000| Untracked 
|  78|0x000000070a000000, 0x000000070a000000, 0x000000070a100000|  0%| F|  |TAMS 0x000000070a000000, 0x000000070a000000| Untracked 
|  79|0x000000070a100000, 0x000000070a1feb28, 0x000000070a200000| 99%| S|CS|TAMS 0x000000070a100000, 0x000000070a100000| Complete 
|  80|0x000000070a200000, 0x000000070a300000, 0x000000070a300000|100%| S|CS|TAMS 0x000000070a200000, 0x000000070a200000| Complete 
|  81|0x000000070a300000, 0x000000070a400000, 0x000000070a400000|100%| S|CS|TAMS 0x000000070a300000, 0x000000070a300000| Complete 
|  82|0x000000070a400000, 0x000000070a500000, 0x000000070a500000|100%| S|CS|TAMS 0x000000070a400000, 0x000000070a400000| Complete 
|  83|0x000000070a500000, 0x000000070a600000, 0x000000070a600000|100%| S|CS|TAMS 0x000000070a500000, 0x000000070a500000| Complete 
|  84|0x000000070a600000, 0x000000070a600000, 0x000000070a700000|  0%| F|  |TAMS 0x000000070a600000, 0x000000070a600000| Untracked 
|  85|0x000000070a700000, 0x000000070a700000, 0x000000070a800000|  0%| F|  |TAMS 0x000000070a700000, 0x000000070a700000| Untracked 
|  86|0x000000070a800000, 0x000000070a800000, 0x000000070a900000|  0%| F|  |TAMS 0x000000070a800000, 0x000000070a800000| Untracked 
|  87|0x000000070a900000, 0x000000070a900000, 0x000000070aa00000|  0%| F|  |TAMS 0x000000070a900000, 0x000000070a900000| Untracked 
|  88|0x000000070aa00000, 0x000000070aa00000, 0x000000070ab00000|  0%| F|  |TAMS 0x000000070aa00000, 0x000000070aa00000| Untracked 
|  89|0x000000070ab00000, 0x000000070ab00000, 0x000000070ac00000|  0%| F|  |TAMS 0x000000070ab00000, 0x000000070ab00000| Untracked 
|  90|0x000000070ac00000, 0x000000070ac00000, 0x000000070ad00000|  0%| F|  |TAMS 0x000000070ac00000, 0x000000070ac00000| Untracked 
|  91|0x000000070ad00000, 0x000000070ad00000, 0x000000070ae00000|  0%| F|  |TAMS 0x000000070ad00000, 0x000000070ad00000| Untracked 
|  92|0x000000070ae00000, 0x000000070ae00000, 0x000000070af00000|  0%| F|  |TAMS 0x000000070ae00000, 0x000000070ae00000| Untracked 
|  93|0x000000070af00000, 0x000000070af00000, 0x000000070b000000|  0%| F|  |TAMS 0x000000070af00000, 0x000000070af00000| Untracked 
|  94|0x000000070b000000, 0x000000070b000000, 0x000000070b100000|  0%| F|  |TAMS 0x000000070b000000, 0x000000070b000000| Untracked 
|  95|0x000000070b100000, 0x000000070b100000, 0x000000070b200000|  0%| F|  |TAMS 0x000000070b100000, 0x000000070b100000| Untracked 
|  96|0x000000070b200000, 0x000000070b200000, 0x000000070b300000|  0%| F|  |TAMS 0x000000070b200000, 0x000000070b200000| Untracked 
|  97|0x000000070b300000, 0x000000070b300000, 0x000000070b400000|  0%| F|  |TAMS 0x000000070b300000, 0x000000070b300000| Untracked 
|  98|0x000000070b400000, 0x000000070b400000, 0x000000070b500000|  0%| F|  |TAMS 0x000000070b400000, 0x000000070b400000| Untracked 
|  99|0x000000070b500000, 0x000000070b500000, 0x000000070b600000|  0%| F|  |TAMS 0x000000070b500000, 0x000000070b500000| Untracked 
| 100|0x000000070b600000, 0x000000070b600000, 0x000000070b700000|  0%| F|  |TAMS 0x000000070b600000, 0x000000070b600000| Untracked 
| 101|0x000000070b700000, 0x000000070b700000, 0x000000070b800000|  0%| F|  |TAMS 0x000000070b700000, 0x000000070b700000| Untracked 
| 102|0x000000070b800000, 0x000000070b800000, 0x000000070b900000|  0%| F|  |TAMS 0x000000070b800000, 0x000000070b800000| Untracked 
| 103|0x000000070b900000, 0x000000070b900000, 0x000000070ba00000|  0%| F|  |TAMS 0x000000070b900000, 0x000000070b900000| Untracked 
| 104|0x000000070ba00000, 0x000000070ba00000, 0x000000070bb00000|  0%| F|  |TAMS 0x000000070ba00000, 0x000000070ba00000| Untracked 
| 105|0x000000070bb00000, 0x000000070bb00000, 0x000000070bc00000|  0%| F|  |TAMS 0x000000070bb00000, 0x000000070bb00000| Untracked 
| 106|0x000000070bc00000, 0x000000070bc00000, 0x000000070bd00000|  0%| F|  |TAMS 0x000000070bc00000, 0x000000070bc00000| Untracked 
| 107|0x000000070bd00000, 0x000000070bd00000, 0x000000070be00000|  0%| F|  |TAMS 0x000000070bd00000, 0x000000070bd00000| Untracked 
| 108|0x000000070be00000, 0x000000070be00000, 0x000000070bf00000|  0%| F|  |TAMS 0x000000070be00000, 0x000000070be00000| Untracked 
| 109|0x000000070bf00000, 0x000000070bf00000, 0x000000070c000000|  0%| F|  |TAMS 0x000000070bf00000, 0x000000070bf00000| Untracked 
| 110|0x000000070c000000, 0x000000070c000000, 0x000000070c100000|  0%| F|  |TAMS 0x000000070c000000, 0x000000070c000000| Untracked 
| 111|0x000000070c100000, 0x000000070c100000, 0x000000070c200000|  0%| F|  |TAMS 0x000000070c100000, 0x000000070c100000| Untracked 
| 112|0x000000070c200000, 0x000000070c200000, 0x000000070c300000|  0%| F|  |TAMS 0x000000070c200000, 0x000000070c200000| Untracked 
| 113|0x000000070c300000, 0x000000070c300000, 0x000000070c400000|  0%| F|  |TAMS 0x000000070c300000, 0x000000070c300000| Untracked 
| 114|0x000000070c400000, 0x000000070c400000, 0x000000070c500000|  0%| F|  |TAMS 0x000000070c400000, 0x000000070c400000| Untracked 
| 115|0x000000070c500000, 0x000000070c500000, 0x000000070c600000|  0%| F|  |TAMS 0x000000070c500000, 0x000000070c500000| Untracked 
| 116|0x000000070c600000, 0x000000070c600000, 0x000000070c700000|  0%| F|  |TAMS 0x000000070c600000, 0x000000070c600000| Untracked 
| 117|0x000000070c700000, 0x000000070c700000, 0x000000070c800000|  0%| F|  |TAMS 0x000000070c700000, 0x000000070c700000| Untracked 
| 118|0x000000070c800000, 0x000000070c800000, 0x000000070c900000|  0%| F|  |TAMS 0x000000070c800000, 0x000000070c800000| Untracked 
| 119|0x000000070c900000, 0x000000070c900000, 0x000000070ca00000|  0%| F|  |TAMS 0x000000070c900000, 0x000000070c900000| Untracked 
| 120|0x000000070ca00000, 0x000000070ca00000, 0x000000070cb00000|  0%| F|  |TAMS 0x000000070ca00000, 0x000000070ca00000| Untracked 
| 121|0x000000070cb00000, 0x000000070cb00000, 0x000000070cc00000|  0%| F|  |TAMS 0x000000070cb00000, 0x000000070cb00000| Untracked 
| 122|0x000000070cc00000, 0x000000070cc00000, 0x000000070cd00000|  0%| F|  |TAMS 0x000000070cc00000, 0x000000070cc00000| Untracked 
| 123|0x000000070cd00000, 0x000000070cd00000, 0x000000070ce00000|  0%| F|  |TAMS 0x000000070cd00000, 0x000000070cd00000| Untracked 
| 124|0x000000070ce00000, 0x000000070ce00000, 0x000000070cf00000|  0%| F|  |TAMS 0x000000070ce00000, 0x000000070ce00000| Untracked 
| 125|0x000000070cf00000, 0x000000070cf00000, 0x000000070d000000|  0%| F|  |TAMS 0x000000070cf00000, 0x000000070cf00000| Untracked 
| 126|0x000000070d000000, 0x000000070d000000, 0x000000070d100000|  0%| F|  |TAMS 0x000000070d000000, 0x000000070d000000| Untracked 
| 127|0x000000070d100000, 0x000000070d100000, 0x000000070d200000|  0%| F|  |TAMS 0x000000070d100000, 0x000000070d100000| Untracked 
| 128|0x000000070d200000, 0x000000070d200000, 0x000000070d300000|  0%| F|  |TAMS 0x000000070d200000, 0x000000070d200000| Untracked 
| 129|0x000000070d300000, 0x000000070d300000, 0x000000070d400000|  0%| F|  |TAMS 0x000000070d300000, 0x000000070d300000| Untracked 
| 130|0x000000070d400000, 0x000000070d400000, 0x000000070d500000|  0%| F|  |TAMS 0x000000070d400000, 0x000000070d400000| Untracked 
| 131|0x000000070d500000, 0x000000070d500000, 0x000000070d600000|  0%| F|  |TAMS 0x000000070d500000, 0x000000070d500000| Untracked 
| 132|0x000000070d600000, 0x000000070d600000, 0x000000070d700000|  0%| F|  |TAMS 0x000000070d600000, 0x000000070d600000| Untracked 
| 133|0x000000070d700000, 0x000000070d700000, 0x000000070d800000|  0%| F|  |TAMS 0x000000070d700000, 0x000000070d700000| Untracked 
| 134|0x000000070d800000, 0x000000070d800000, 0x000000070d900000|  0%| F|  |TAMS 0x000000070d800000, 0x000000070d800000| Untracked 
| 135|0x000000070d900000, 0x000000070d900000, 0x000000070da00000|  0%| F|  |TAMS 0x000000070d900000, 0x000000070d900000| Untracked 
| 136|0x000000070da00000, 0x000000070da00000, 0x000000070db00000|  0%| F|  |TAMS 0x000000070da00000, 0x000000070da00000| Untracked 
| 137|0x000000070db00000, 0x000000070db00000, 0x000000070dc00000|  0%| F|  |TAMS 0x000000070db00000, 0x000000070db00000| Untracked 
| 138|0x000000070dc00000, 0x000000070dc00000, 0x000000070dd00000|  0%| F|  |TAMS 0x000000070dc00000, 0x000000070dc00000| Untracked 
| 139|0x000000070dd00000, 0x000000070dd00000, 0x000000070de00000|  0%| F|  |TAMS 0x000000070dd00000, 0x000000070dd00000| Untracked 
| 140|0x000000070de00000, 0x000000070de00000, 0x000000070df00000|  0%| F|  |TAMS 0x000000070de00000, 0x000000070de00000| Untracked 
| 141|0x000000070df00000, 0x000000070df00000, 0x000000070e000000|  0%| F|  |TAMS 0x000000070df00000, 0x000000070df00000| Untracked 
| 142|0x000000070e000000, 0x000000070e000000, 0x000000070e100000|  0%| F|  |TAMS 0x000000070e000000, 0x000000070e000000| Untracked 
| 143|0x000000070e100000, 0x000000070e100000, 0x000000070e200000|  0%| F|  |TAMS 0x000000070e100000, 0x000000070e100000| Untracked 
| 144|0x000000070e200000, 0x000000070e200000, 0x000000070e300000|  0%| F|  |TAMS 0x000000070e200000, 0x000000070e200000| Untracked 
| 145|0x000000070e300000, 0x000000070e300000, 0x000000070e400000|  0%| F|  |TAMS 0x000000070e300000, 0x000000070e300000| Untracked 
| 146|0x000000070e400000, 0x000000070e400000, 0x000000070e500000|  0%| F|  |TAMS 0x000000070e400000, 0x000000070e400000| Untracked 
| 147|0x000000070e500000, 0x000000070e500000, 0x000000070e600000|  0%| F|  |TAMS 0x000000070e500000, 0x000000070e500000| Untracked 
| 148|0x000000070e600000, 0x000000070e600000, 0x000000070e700000|  0%| F|  |TAMS 0x000000070e600000, 0x000000070e600000| Untracked 
| 149|0x000000070e700000, 0x000000070e700000, 0x000000070e800000|  0%| F|  |TAMS 0x000000070e700000, 0x000000070e700000| Untracked 
| 150|0x000000070e800000, 0x000000070e800000, 0x000000070e900000|  0%| F|  |TAMS 0x000000070e800000, 0x000000070e800000| Untracked 
| 151|0x000000070e900000, 0x000000070e900000, 0x000000070ea00000|  0%| F|  |TAMS 0x000000070e900000, 0x000000070e900000| Untracked 
| 152|0x000000070ea00000, 0x000000070ea00000, 0x000000070eb00000|  0%| F|  |TAMS 0x000000070ea00000, 0x000000070ea00000| Untracked 
| 153|0x000000070eb00000, 0x000000070eb00000, 0x000000070ec00000|  0%| F|  |TAMS 0x000000070eb00000, 0x000000070eb00000| Untracked 
| 154|0x000000070ec00000, 0x000000070ec00000, 0x000000070ed00000|  0%| F|  |TAMS 0x000000070ec00000, 0x000000070ec00000| Untracked 
| 155|0x000000070ed00000, 0x000000070ed00000, 0x000000070ee00000|  0%| F|  |TAMS 0x000000070ed00000, 0x000000070ed00000| Untracked 
| 156|0x000000070ee00000, 0x000000070ee00000, 0x000000070ef00000|  0%| F|  |TAMS 0x000000070ee00000, 0x000000070ee00000| Untracked 
| 157|0x000000070ef00000, 0x000000070ef00000, 0x000000070f000000|  0%| F|  |TAMS 0x000000070ef00000, 0x000000070ef00000| Untracked 
| 158|0x000000070f000000, 0x000000070f000000, 0x000000070f100000|  0%| F|  |TAMS 0x000000070f000000, 0x000000070f000000| Untracked 
| 159|0x000000070f100000, 0x000000070f100000, 0x000000070f200000|  0%| F|  |TAMS 0x000000070f100000, 0x000000070f100000| Untracked 
| 160|0x000000070f200000, 0x000000070f200000, 0x000000070f300000|  0%| F|  |TAMS 0x000000070f200000, 0x000000070f200000| Untracked 
| 161|0x000000070f300000, 0x000000070f300000, 0x000000070f400000|  0%| F|  |TAMS 0x000000070f300000, 0x000000070f300000| Untracked 
| 162|0x000000070f400000, 0x000000070f400000, 0x000000070f500000|  0%| F|  |TAMS 0x000000070f400000, 0x000000070f400000| Untracked 
| 163|0x000000070f500000, 0x000000070f500000, 0x000000070f600000|  0%| F|  |TAMS 0x000000070f500000, 0x000000070f500000| Untracked 
| 164|0x000000070f600000, 0x000000070f600000, 0x000000070f700000|  0%| F|  |TAMS 0x000000070f600000, 0x000000070f600000| Untracked 
| 165|0x000000070f700000, 0x000000070f700000, 0x000000070f800000|  0%| F|  |TAMS 0x000000070f700000, 0x000000070f700000| Untracked 
| 166|0x000000070f800000, 0x000000070f800000, 0x000000070f900000|  0%| F|  |TAMS 0x000000070f800000, 0x000000070f800000| Untracked 
| 167|0x000000070f900000, 0x000000070f900000, 0x000000070fa00000|  0%| F|  |TAMS 0x000000070f900000, 0x000000070f900000| Untracked 
| 235|0x0000000713d00000, 0x0000000713d00000, 0x0000000713e00000|  0%| F|  |TAMS 0x0000000713d00000, 0x0000000713d00000| Untracked 
| 251|0x0000000714d00000, 0x0000000714d00000, 0x0000000714e00000|  0%| F|  |TAMS 0x0000000714d00000, 0x0000000714d00000| Untracked 

Card table byte_map: [0x000001dd0f000000,0x000001dd0f7e0000] _byte_map_base: 0x000001dd0b7d7000

Marking Bits (Prev, Next): (CMBitMap*) 0x000001dd743b97c8, (CMBitMap*) 0x000001dd743b9788
 Prev Bits: [0x000001dd13e80000, 0x000001dd17d38000)
 Next Bits: [0x000001dd0ffc0000, 0x000001dd13e78000)

Polling page: 0x000001dd74410000

Metaspace:

Usage:
  Non-class:     53.18 MB capacity,    52.05 MB ( 98%) used,   942.73 KB (  2%) free+waste,   219.50 KB ( <1%) overhead. 
      Class:      8.69 MB capacity,     7.99 MB ( 92%) used,   606.94 KB (  7%) free+waste,   108.94 KB (  1%) overhead. 
       Both:     61.87 MB capacity,    60.04 MB ( 97%) used,     1.51 MB (  2%) free+waste,   328.44 KB ( <1%) overhead. 

Virtual space:
  Non-class space:       54.00 MB reserved,      53.29 MB ( 99%) committed 
      Class space:        1.00 GB reserved,       8.75 MB ( <1%) committed 
             Both:        1.05 GB reserved,      62.04 MB (  6%) committed 

Chunk freelists:
   Non-Class:  39.00 KB
       Class:  0 bytes
        Both:  39.00 KB

MaxMetaspaceSize: 17179869184.00 GB
CompressedClassSpaceSize: 1.00 GB

CodeHeap 'non-profiled nmethods': size=233856Kb used=12307Kb max_used=12307Kb free=221548Kb
 bounds [0x000001dd00ba0000, 0x000001dd017b0000, 0x000001dd0f000000]
CodeHeap 'non-nmethods': size=11904Kb used=1314Kb max_used=1314Kb free=10589Kb
 bounds [0x000001dd00000000, 0x000001dd00270000, 0x000001dd00ba0000]
 total_blobs=7688 nmethods=7074 adapters=541
 compilation: enabled
              stopped_count=0, restarted_count=0
 full_count=0

Compilation events (20 events):
Event: 10.454 Thread 0x000001dd1b29f000 nmethod 7096 0x000001dd017a1310 code [0x000001dd017a14c0, 0x000001dd017a1628]
Event: 10.454 Thread 0x000001dd1b29f000 7097   !   1       java.io.ObjectInputStream::filterCheck (226 bytes)
Event: 10.454 Thread 0x000001dd1b29f000 nmethod 7097 0x000001dd017a1710 code [0x000001dd017a1940, 0x000001dd017a1f48]
Event: 10.455 Thread 0x000001dd1b29f000 7098       1       java.io.ObjectInputStream$BlockDataInputStream::read (138 bytes)
Event: 10.455 Thread 0x000001dd1b29f000 nmethod 7098 0x000001dd017a2290 code [0x000001dd017a2460, 0x000001dd017a2828]
Event: 10.455 Thread 0x000001dd1b29f000 7099       1       java.rmi.server.UID::equals (54 bytes)
Event: 10.455 Thread 0x000001dd1b29f000 nmethod 7099 0x000001dd017a2990 code [0x000001dd017a2b20, 0x000001dd017a2cf8]
Event: 10.465 Thread 0x000001dd1b29f000 7100       1       java.util.HashMap$Node::hashCode (16 bytes)
Event: 10.465 Thread 0x000001dd1b29f000 nmethod 7100 0x000001dd017a2d90 code [0x000001dd017a2f40, 0x000001dd017a30b8]
Event: 10.470 Thread 0x000001dd1b29f000 7101       1       com.google.gson.reflect.TypeToken::getType (5 bytes)
Event: 10.470 Thread 0x000001dd1b29f000 nmethod 7101 0x000001dd017a3190 code [0x000001dd017a3320, 0x000001dd017a33f8]
Event: 10.470 Thread 0x000001dd1b29f000 7102       1       com.google.gson.internal.bind.TypeAdapters$32::create (20 bytes)
Event: 10.470 Thread 0x000001dd1b29f000 nmethod 7102 0x000001dd017a3490 code [0x000001dd017a3620, 0x000001dd017a3738]
Event: 10.470 Thread 0x000001dd1b29f000 7103       1       com.google.gson.reflect.TypeToken::hashCode (5 bytes)
Event: 10.470 Thread 0x000001dd1b29f000 nmethod 7103 0x000001dd017a3810 code [0x000001dd017a39a0, 0x000001dd017a3a78]
Event: 10.470 Thread 0x000001dd1b29f000 7104       1       java.io.StringWriter::write (11 bytes)
Event: 10.470 Thread 0x000001dd1b29f000 nmethod 7104 0x000001dd017a3b10 code [0x000001dd017a3cc0, 0x000001dd017a3fc8]
Event: 10.470 Thread 0x000001dd1b29f000 7106       1       com.google.gson.stream.JsonWriter::string (169 bytes)
Event: 10.470 Thread 0x000001dd1b29f000 nmethod 7106 0x000001dd017a4110 code [0x000001dd017a4320, 0x000001dd017a48a8]
Event: 10.470 Thread 0x000001dd1b29f000 7105       1       java.lang.reflect.Field::get (29 bytes)

GC Heap History (20 events):
Event: 3.844 GC heap after
{Heap after GC invocations=15 (full 0):
 garbage-first heap   total 48128K, used 22161K [0x0000000705200000, 0x0000000800000000)
  region size 1024K, 2 young (2048K), 2 survivors (2048K)
 Metaspace       used 33753K, capacity 34772K, committed 34864K, reserved 1079296K
  class space    used 4498K, capacity 4903K, committed 4992K, reserved 1048576K
}
Event: 3.918 GC heap before
{Heap before GC invocations=15 (full 0):
 garbage-first heap   total 48128K, used 28305K [0x0000000705200000, 0x0000000800000000)
  region size 1024K, 9 young (9216K), 2 survivors (2048K)
 Metaspace       used 34641K, capacity 35621K, committed 35708K, reserved 1079296K
  class space    used 4678K, capacity 5084K, committed 5120K, reserved 1048576K
}
Event: 3.919 GC heap after
{Heap after GC invocations=16 (full 0):
 garbage-first heap   total 48128K, used 22435K [0x0000000705200000, 0x0000000800000000)
  region size 1024K, 2 young (2048K), 2 survivors (2048K)
 Metaspace       used 34641K, capacity 35621K, committed 35708K, reserved 1079296K
  class space    used 4678K, capacity 5084K, committed 5120K, reserved 1048576K
}
Event: 3.989 GC heap before
{Heap before GC invocations=17 (full 0):
 garbage-first heap   total 48128K, used 34723K [0x0000000705200000, 0x0000000800000000)
  region size 1024K, 14 young (14336K), 2 survivors (2048K)
 Metaspace       used 34788K, capacity 35878K, committed 36092K, reserved 1081344K
  class space    used 4710K, capacity 5126K, committed 5248K, reserved 1048576K
}
Event: 3.991 GC heap after
{Heap after GC invocations=18 (full 0):
 garbage-first heap   total 153600K, used 23455K [0x0000000705200000, 0x0000000800000000)
  region size 1024K, 2 young (2048K), 2 survivors (2048K)
 Metaspace       used 34788K, capacity 35878K, committed 36092K, reserved 1081344K
  class space    used 4710K, capacity 5126K, committed 5248K, reserved 1048576K
}
Event: 4.833 GC heap before
{Heap before GC invocations=18 (full 0):
 garbage-first heap   total 153600K, used 81823K [0x0000000705200000, 0x0000000800000000)
  region size 1024K, 59 young (60416K), 2 survivors (2048K)
 Metaspace       used 37281K, capacity 38467K, committed 38780K, reserved 1083392K
  class space    used 5054K, capacity 5519K, committed 5632K, reserved 1048576K
}
Event: 4.836 GC heap after
{Heap after GC invocations=19 (full 0):
 garbage-first heap   total 153600K, used 26851K [0x0000000705200000, 0x0000000800000000)
  region size 1024K, 5 young (5120K), 5 survivors (5120K)
 Metaspace       used 37281K, capacity 38467K, committed 38780K, reserved 1083392K
  class space    used 5054K, capacity 5519K, committed 5632K, reserved 1048576K
}
Event: 5.219 GC heap before
{Heap before GC invocations=19 (full 0):
 garbage-first heap   total 153600K, used 89315K [0x0000000705200000, 0x0000000800000000)
  region size 1024K, 66 young (67584K), 5 survivors (5120K)
 Metaspace       used 40524K, capacity 41819K, committed 41980K, reserved 1085440K
  class space    used 5446K, capacity 5962K, committed 6016K, reserved 1048576K
}
Event: 5.222 GC heap after
{Heap after GC invocations=20 (full 0):
 garbage-first heap   total 153600K, used 29211K [0x0000000705200000, 0x0000000800000000)
  region size 1024K, 7 young (7168K), 7 survivors (7168K)
 Metaspace       used 40524K, capacity 41819K, committed 41980K, reserved 1085440K
  class space    used 5446K, capacity 5962K, committed 6016K, reserved 1048576K
}
Event: 5.632 GC heap before
{Heap before GC invocations=20 (full 0):
 garbage-first heap   total 153600K, used 94747K [0x0000000705200000, 0x0000000800000000)
  region size 1024K, 71 young (72704K), 7 survivors (7168K)
 Metaspace       used 46271K, capacity 47768K, committed 47996K, reserved 1091584K
  class space    used 6227K, capacity 6802K, committed 6912K, reserved 1048576K
}
Event: 5.635 GC heap after
{Heap after GC invocations=21 (full 0):
 garbage-first heap   total 153600K, used 33503K [0x0000000705200000, 0x0000000800000000)
  region size 1024K, 7 young (7168K), 7 survivors (7168K)
 Metaspace       used 46271K, capacity 47768K, committed 47996K, reserved 1091584K
  class space    used 6227K, capacity 6802K, committed 6912K, reserved 1048576K
}
Event: 5.931 GC heap before
{Heap before GC invocations=21 (full 0):
 garbage-first heap   total 153600K, used 100063K [0x0000000705200000, 0x0000000800000000)
  region size 1024K, 72 young (73728K), 7 survivors (7168K)
 Metaspace       used 48724K, capacity 50282K, committed 50428K, reserved 1093632K
  class space    used 6578K, capacity 7193K, committed 7296K, reserved 1048576K
}
Event: 5.934 GC heap after
{Heap after GC invocations=22 (full 0):
 garbage-first heap   total 184320K, used 37397K [0x0000000705200000, 0x0000000800000000)
  region size 1024K, 8 young (8192K), 8 survivors (8192K)
 Metaspace       used 48724K, capacity 50282K, committed 50428K, reserved 1093632K
  class space    used 6578K, capacity 7193K, committed 7296K, reserved 1048576K
}
Event: 6.356 GC heap before
{Heap before GC invocations=22 (full 0):
 garbage-first heap   total 184320K, used 119317K [0x0000000705200000, 0x0000000800000000)
  region size 1024K, 88 young (90112K), 8 survivors (8192K)
 Metaspace       used 53935K, capacity 55514K, committed 55804K, reserved 1097728K
  class space    used 7150K, capacity 7742K, committed 7808K, reserved 1048576K
}
Event: 6.359 GC heap after
{Heap after GC invocations=23 (full 0):
 garbage-first heap   total 184320K, used 42419K [0x0000000705200000, 0x0000000800000000)
  region size 1024K, 9 young (9216K), 9 survivors (9216K)
 Metaspace       used 53935K, capacity 55514K, committed 55804K, reserved 1097728K
  class space    used 7150K, capacity 7742K, committed 7808K, reserved 1048576K
}
Event: 6.691 GC heap before
{Heap before GC invocations=23 (full 0):
 garbage-first heap   total 184320K, used 126387K [0x0000000705200000, 0x0000000800000000)
  region size 1024K, 91 young (93184K), 9 survivors (9216K)
 Metaspace       used 55781K, capacity 57519K, committed 57724K, reserved 1099776K
  class space    used 7435K, capacity 8090K, committed 8192K, reserved 1048576K
}
Event: 6.695 GC heap after
{Heap after GC invocations=24 (full 0):
 garbage-first heap   total 184320K, used 47281K [0x0000000705200000, 0x0000000800000000)
  region size 1024K, 10 young (10240K), 10 survivors (10240K)
 Metaspace       used 55781K, capacity 57519K, committed 57724K, reserved 1099776K
  class space    used 7435K, capacity 8090K, committed 8192K, reserved 1048576K
}
Event: 6.875 GC heap before
{Heap before GC invocations=24 (full 0):
 garbage-first heap   total 184320K, used 82097K [0x0000000705200000, 0x0000000800000000)
  region size 1024K, 45 young (46080K), 10 survivors (10240K)
 Metaspace       used 58098K, capacity 59816K, committed 59940K, reserved 1101824K
  class space    used 7696K, capacity 8382K, committed 8448K, reserved 1048576K
}
Event: 6.880 GC heap after
{Heap after GC invocations=25 (full 0):
 garbage-first heap   total 184320K, used 49302K [0x0000000705200000, 0x0000000800000000)
  region size 1024K, 7 young (7168K), 7 survivors (7168K)
 Metaspace       used 58098K, capacity 59816K, committed 59940K, reserved 1101824K
  class space    used 7696K, capacity 8382K, committed 8448K, reserved 1048576K
}
Event: 10.471 GC heap before
{Heap before GC invocations=26 (full 0):
 garbage-first heap   total 174080K, used 129174K [0x0000000705200000, 0x0000000800000000)
  region size 1024K, 86 young (88064K), 7 survivors (7168K)
 Metaspace       used 61479K, capacity 63358K, committed 63524K, reserved 1103872K
  class space    used 8181K, capacity 8897K, committed 8960K, reserved 1048576K
}

Deoptimization events (14 events):
Event: 2.046 Thread 0x000001dd7434c800 DEOPT PACKING pc=0x000001dd00c158bc sp=0x0000006dbeffc680
Event: 2.046 Thread 0x000001dd7434c800 DEOPT UNPACKING pc=0x000001dd0004964e sp=0x0000006dbeffbb48 mode 0
Event: 2.061 Thread 0x000001dd7434c800 DEOPT PACKING pc=0x000001dd00d0470c sp=0x0000006dbeffb4d0
Event: 2.061 Thread 0x000001dd7434c800 DEOPT UNPACKING pc=0x000001dd0004964e sp=0x0000006dbeffa9f8 mode 0
Event: 4.633 Thread 0x000001dd7434c800 DEOPT PACKING pc=0x000001dd0130cafc sp=0x0000006dbeffa4b0
Event: 4.633 Thread 0x000001dd7434c800 DEOPT UNPACKING pc=0x000001dd0004964e sp=0x0000006dbeff9a28 mode 0
Event: 4.711 Thread 0x000001dd7434c800 DEOPT PACKING pc=0x000001dd0131348c sp=0x0000006dbeffb150
Event: 4.711 Thread 0x000001dd7434c800 DEOPT UNPACKING pc=0x000001dd0004964e sp=0x0000006dbeffa6e0 mode 0
Event: 4.839 Thread 0x000001dd7434c800 DEOPT PACKING pc=0x000001dd00f5072b sp=0x0000006dbeffe070
Event: 4.839 Thread 0x000001dd7434c800 DEOPT UNPACKING pc=0x000001dd0004964e sp=0x0000006dbeffd578 mode 3
Event: 4.839 Thread 0x000001dd7434c800 DEOPT PACKING pc=0x000001dd00edc196 sp=0x0000006dbeffe030
Event: 4.839 Thread 0x000001dd7434c800 DEOPT UNPACKING pc=0x000001dd0004964e sp=0x0000006dbeffd578 mode 3
Event: 5.700 Thread 0x000001dd7434c800 DEOPT PACKING pc=0x000001dd010c0fbc sp=0x0000006dbeffee60
Event: 5.700 Thread 0x000001dd7434c800 DEOPT UNPACKING pc=0x000001dd0004964e sp=0x0000006dbeffe510 mode 0

Classes unloaded (0 events):
No events

Classes redefined (0 events):
No events

Internal exceptions (20 events):
Event: 7.470 Thread 0x000001dd7434c800 Exception <a 'java/lang/ClassNotFoundException'{0x000000070ce1a940}: org/apache/dubbo/config/AbstractServiceConfigCustomizer> (0x000000070ce1a940) 
thrown [./src/hotspot/share/classfile/systemDictionary.cpp, line 232]
Event: 7.470 Thread 0x000001dd7434c800 Exception <a 'java/lang/ClassNotFoundException'{0x000000070ce4edf0}: org/apache/dubbo/config/ProviderConfigCustomizer> (0x000000070ce4edf0) 
thrown [./src/hotspot/share/classfile/systemDictionary.cpp, line 232]
Event: 7.472 Thread 0x000001dd7434c800 Exception <a 'java/lang/ClassNotFoundException'{0x000000070cd19728}: org/apache/dubbo/config/MonitorConfigBeanInfo> (0x000000070cd19728) 
thrown [./src/hotspot/share/classfile/systemDictionary.cpp, line 232]
Event: 7.472 Thread 0x000001dd7434c800 Exception <a 'java/lang/ClassNotFoundException'{0x000000070cd2dab0}: org/apache/dubbo/config/MonitorConfigCustomizer> (0x000000070cd2dab0) 
thrown [./src/hotspot/share/classfile/systemDictionary.cpp, line 232]
Event: 7.473 Thread 0x000001dd7434c800 Exception <a 'java/lang/ClassNotFoundException'{0x000000070cd676d0}: org/apache/dubbo/config/MetricsConfigBeanInfo> (0x000000070cd676d0) 
thrown [./src/hotspot/share/classfile/systemDictionary.cpp, line 232]
Event: 7.473 Thread 0x000001dd7434c800 Exception <a 'java/lang/ClassNotFoundException'{0x000000070cd7ba58}: org/apache/dubbo/config/MetricsConfigCustomizer> (0x000000070cd7ba58) 
thrown [./src/hotspot/share/classfile/systemDictionary.cpp, line 232]
Event: 7.474 Thread 0x000001dd7434c800 Exception <a 'java/lang/ClassNotFoundException'{0x000000070cd9df38}: org/apache/dubbo/config/ModuleConfigBeanInfo> (0x000000070cd9df38) 
thrown [./src/hotspot/share/classfile/systemDictionary.cpp, line 232]
Event: 7.474 Thread 0x000001dd7434c800 Exception <a 'java/lang/ClassNotFoundException'{0x000000070cdb21f0}: org/apache/dubbo/config/ModuleConfigCustomizer> (0x000000070cdb21f0) 
thrown [./src/hotspot/share/classfile/systemDictionary.cpp, line 232]
Event: 7.474 Thread 0x000001dd7434c800 Exception <a 'java/lang/ClassNotFoundException'{0x000000070cde09e8}: org/apache/dubbo/config/SslConfigBeanInfo> (0x000000070cde09e8) 
thrown [./src/hotspot/share/classfile/systemDictionary.cpp, line 232]
Event: 7.474 Thread 0x000001dd7434c800 Exception <a 'java/lang/ClassNotFoundException'{0x000000070cdf4850}: org/apache/dubbo/config/SslConfigCustomizer> (0x000000070cdf4850) 
thrown [./src/hotspot/share/classfile/systemDictionary.cpp, line 232]
Event: 7.484 Thread 0x000001dd7434c800 Exception <a 'java/lang/ClassNotFoundException'{0x000000070cab0c90}: org/apache/dubbo/config/ProtocolConfigBeanInfo> (0x000000070cab0c90) 
thrown [./src/hotspot/share/classfile/systemDictionary.cpp, line 232]
Event: 7.484 Thread 0x000001dd7434c800 Exception <a 'java/lang/ClassNotFoundException'{0x000000070cac4ff8}: org/apache/dubbo/config/ProtocolConfigCustomizer> (0x000000070cac4ff8) 
thrown [./src/hotspot/share/classfile/systemDictionary.cpp, line 232]
Event: 8.512 Thread 0x000001dd7434c800 Exception <a 'java/net/SocketException'{0x000000070c687958}: Socket is not connected: shutdown> (0x000000070c687958) 
thrown [./src/hotspot/share/prims/jni.cpp, line 619]
Event: 8.518 Thread 0x000001dd7434c800 Exception <a 'java/net/SocketException'{0x000000070c6f7438}: Socket is not connected: shutdown> (0x000000070c6f7438) 
thrown [./src/hotspot/share/prims/jni.cpp, line 619]
Event: 8.531 Thread 0x000001dd7434c800 Exception <a 'java/lang/NoClassDefFoundError'{0x000000070c325550}: javax/validation/ValidationException> (0x000000070c325550) 
thrown [./src/hotspot/share/classfile/systemDictionary.cpp, line 221]
Event: 8.616 Thread 0x000001dd7434c800 Exception <a 'java/lang/NoClassDefFoundError'{0x000000070b698938}: org/apache/thrift/TException> (0x000000070b698938) 
thrown [./src/hotspot/share/classfile/systemDictionary.cpp, line 221]
Event: 9.215 Thread 0x000001dd7434c800 Exception <a 'java/lang/NoSuchMethodError'{0x000000070abd8430}: 'void java.lang.invoke.DirectMethodHandle$Holder.invokeSpecial(java.lang.Object, java.lang.Object, java.lang.Object, java.lang.Object, java.lang.Object, java.lang.Object, java.lang.Object, java.lang.Object)'> (0x000000070abd8430) 
thrown [./src/hotspot/share/interpreter/linkResolver.cpp, line 767]
Event: 9.218 Thread 0x000001dd7434c800 Exception <a 'java/lang/NoSuchMethodError'{0x000000070aa2afe0}: 'java.util.List feign.Contract.parseAndValidateMetadata(java.lang.Class)'> (0x000000070aa2afe0) 
thrown [./src/hotspot/share/interpreter/linkResolver.cpp, line 862]
Event: 9.218 Thread 0x000001dd7434c800 Exception <a 'java/lang/NoSuchMethodError'{0x000000070aa2b608}: 'java.util.List feign.Contract.parseAndValidateMetadata(java.lang.Class)'> (0x000000070aa2b608) 
thrown [./src/hotspot/share/interpreter/linkResolver.cpp, line 862]
Event: 10.238 Thread 0x000001dd7434c800 Exception <a 'java/net/SocketException'{0x000000070a9cbcb0}: Socket is not connected: shutdown> (0x000000070a9cbcb0) 
thrown [./src/hotspot/share/prims/jni.cpp, line 619]

Events (20 events):
Event: 10.468 loading class com/alibaba/cloud/dubbo/util/DubboMetadataUtils done
Event: 10.468 loading class org/springframework/cloud/client/ServiceInstance
Event: 10.468 loading class org/springframework/cloud/client/ServiceInstance done
Event: 10.468 loading class org/springframework/cloud/client/ServiceInstance
Event: 10.468 loading class org/springframework/cloud/client/ServiceInstance done
Event: 10.468 loading class org/apache/dubbo/common/URL
Event: 10.468 loading class org/apache/dubbo/common/URL done
Event: 10.468 loading class org/apache/dubbo/common/URL
Event: 10.468 loading class org/apache/dubbo/common/URL done
Event: 10.468 loading class org/apache/dubbo/common/URL
Event: 10.468 loading class org/apache/dubbo/common/URL done
Event: 10.468 loading class org/apache/dubbo/common/URL
Event: 10.468 loading class org/apache/dubbo/common/URL done
Event: 10.468 loading class org/apache/dubbo/common/URL
Event: 10.468 loading class org/apache/dubbo/common/URL done
Event: 10.468 loading class org/apache/dubbo/common/URL
Event: 10.468 loading class org/apache/dubbo/common/URL done
Event: 10.469 loading class org/apache/dubbo/common/utils/TypeUtils
Event: 10.469 loading class org/apache/dubbo/common/utils/TypeUtils done
Event: 10.470 Executing VM operation: G1CollectForAllocation


Dynamic libraries:
0x00007ff634b30000 - 0x00007ff634b3d000 	C:\Users\t-j-m\.jdks\azul-13.0.13\bin\java.exe
0x00007ffa07420000 - 0x00007ffa07629000 	C:\windows\SYSTEM32\ntdll.dll
0x00007ffa05fd0000 - 0x00007ffa0608e000 	C:\windows\System32\KERNEL32.DLL
0x00007ffa04ac0000 - 0x00007ffa04e3b000 	C:\windows\System32\KERNELBASE.dll
0x00007ff9fee60000 - 0x00007ff9feef2000 	C:\windows\SYSTEM32\apphelp.dll
0x00007ffa04fa0000 - 0x00007ffa050b1000 	C:\windows\System32\ucrtbase.dll
0x00007ff9e84d0000 - 0x00007ff9e84e7000 	C:\Users\t-j-m\.jdks\azul-13.0.13\bin\jli.dll
0x00007ff9e83c0000 - 0x00007ff9e83d5000 	C:\Users\t-j-m\.jdks\azul-13.0.13\bin\VCRUNTIME140.dll
0x00007ffa066a0000 - 0x00007ffa0684d000 	C:\windows\System32\USER32.dll
0x00007ffa04a90000 - 0x00007ffa04ab6000 	C:\windows\System32\win32u.dll
0x00007ffa061b0000 - 0x00007ffa061d9000 	C:\windows\System32\GDI32.dll
0x00007ff9dccb0000 - 0x00007ff9dcf55000 	C:\windows\WinSxS\amd64_microsoft.windows.common-controls_6595b64144ccf1df_6.0.22000.120_none_9d947278b86cc467\COMCTL32.dll
0x00007ffa048f0000 - 0x00007ffa04a08000 	C:\windows\System32\gdi32full.dll
0x00007ffa04f00000 - 0x00007ffa04f9d000 	C:\windows\System32\msvcp_win.dll
0x00007ffa059c0000 - 0x00007ffa05a63000 	C:\windows\System32\msvcrt.dll
0x00007ffa05820000 - 0x00007ffa05852000 	C:\windows\System32\IMM32.DLL
0x00007ff9e81c0000 - 0x00007ff9e825b000 	C:\Users\t-j-m\.jdks\azul-13.0.13\bin\msvcp140.dll
0x00007ff96db90000 - 0x00007ff96e788000 	C:\Users\t-j-m\.jdks\azul-13.0.13\bin\server\jvm.dll
0x00007ffa06850000 - 0x00007ffa068fe000 	C:\windows\System32\ADVAPI32.dll
0x00007ffa05e10000 - 0x00007ffa05eae000 	C:\windows\System32\sechost.dll
0x00007ffa06090000 - 0x00007ffa061b0000 	C:\windows\System32\RPCRT4.dll
0x00007ffa053a0000 - 0x00007ffa053a8000 	C:\windows\System32\PSAPI.DLL
0x00007ff9becd0000 - 0x00007ff9becd9000 	C:\windows\SYSTEM32\WSOCK32.dll
0x00007ffa07370000 - 0x00007ffa073df000 	C:\windows\System32\WS2_32.dll
0x00007ff9fc4d0000 - 0x00007ff9fc503000 	C:\windows\SYSTEM32\WINMM.dll
0x00007ff9fb020000 - 0x00007ff9fb02a000 	C:\windows\SYSTEM32\VERSION.dll
0x00007ffa03a60000 - 0x00007ffa03a78000 	C:\windows\SYSTEM32\kernel.appcore.dll
0x00007ff9e8540000 - 0x00007ff9e8550000 	C:\Users\t-j-m\.jdks\azul-13.0.13\bin\verify.dll
0x00007ffa023f0000 - 0x00007ffa02611000 	C:\windows\SYSTEM32\DBGHELP.DLL
0x00007ff9f8020000 - 0x00007ff9f8051000 	C:\windows\SYSTEM32\dbgcore.DLL
0x00007ffa04a10000 - 0x00007ffa04a8f000 	C:\windows\System32\bcryptPrimitives.dll
0x00007ff9e8190000 - 0x00007ff9e81b6000 	C:\Users\t-j-m\.jdks\azul-13.0.13\bin\java.dll
0x00007ff9e84c0000 - 0x00007ff9e84ca000 	C:\Users\t-j-m\.jdks\azul-13.0.13\bin\jimage.dll
0x00007ff9e8140000 - 0x00007ff9e814e000 	C:\Users\t-j-m\.jdks\azul-13.0.13\bin\instrument.dll
0x00007ff9e8350000 - 0x00007ff9e8367000 	C:\Users\t-j-m\.jdks\azul-13.0.13\bin\zip.dll
0x00007ffa069f0000 - 0x00007ffa071a7000 	C:\windows\System32\SHELL32.dll
0x00007ffa029f0000 - 0x00007ffa03255000 	C:\windows\SYSTEM32\windows.storage.dll
0x00007ffa05a70000 - 0x00007ffa05de8000 	C:\windows\System32\combase.dll
0x00007ffa02880000 - 0x00007ffa029e6000 	C:\windows\SYSTEM32\wintypes.dll
0x00007ffa06900000 - 0x00007ffa069ea000 	C:\windows\System32\SHCORE.dll
0x00007ffa05eb0000 - 0x00007ffa05f0d000 	C:\windows\System32\shlwapi.dll
0x00007ffa04820000 - 0x00007ffa04841000 	C:\windows\SYSTEM32\profapi.dll
0x00007ff9e8170000 - 0x00007ff9e8189000 	C:\Users\t-j-m\.jdks\azul-13.0.13\bin\net.dll
0x00007ff9fdc50000 - 0x00007ff9fdd64000 	C:\windows\SYSTEM32\WINHTTP.dll
0x00007ffa03f00000 - 0x00007ffa03f67000 	C:\windows\system32\mswsock.dll
0x00007ff9e8150000 - 0x00007ff9e8162000 	C:\Users\t-j-m\.jdks\azul-13.0.13\bin\nio.dll
0x00007ff9e8120000 - 0x00007ff9e813a000 	D:\idea\IntelliJ IDEA 2022.3\bin\breakgen64.dll
0x00007ffa035c0000 - 0x00007ffa036a8000 	C:\windows\SYSTEM32\DNSAPI.dll
0x00007ffa03590000 - 0x00007ffa035bd000 	C:\windows\SYSTEM32\IPHLPAPI.DLL
0x00007ffa05930000 - 0x00007ffa05939000 	C:\windows\System32\NSI.dll
0x00007ff9fc2d0000 - 0x00007ff9fc2da000 	C:\Windows\System32\rasadhlp.dll
0x00007ff9fbee0000 - 0x00007ff9fbf61000 	C:\windows\System32\fwpuclnt.dll
0x00007ff9e8490000 - 0x00007ff9e8499000 	C:\Users\t-j-m\.jdks\azul-13.0.13\bin\management.dll
0x00007ff9e83b0000 - 0x00007ff9e83bb000 	C:\Users\t-j-m\.jdks\azul-13.0.13\bin\management_ext.dll
0x00007ffa04140000 - 0x00007ffa04158000 	C:\windows\SYSTEM32\CRYPTSP.dll
0x00007ffa039c0000 - 0x00007ffa039f5000 	C:\windows\system32\rsaenh.dll
0x00007ffa03ff0000 - 0x00007ffa04019000 	C:\windows\SYSTEM32\USERENV.dll
0x00007ffa042d0000 - 0x00007ffa042f7000 	C:\windows\SYSTEM32\bcrypt.dll
0x00007ffa04160000 - 0x00007ffa0416c000 	C:\windows\SYSTEM32\CRYPTBASE.dll
0x00007ff9fc710000 - 0x00007ff9fc729000 	C:\windows\SYSTEM32\dhcpcsvc6.DLL
0x00007ff9fc8e0000 - 0x00007ff9fc8fe000 	C:\windows\SYSTEM32\dhcpcsvc.DLL
0x00007ff9dd9b0000 - 0x00007ff9dd9c7000 	C:\windows\system32\napinsp.dll
0x00007ff9dd990000 - 0x00007ff9dd9ab000 	C:\windows\system32\pnrpnsp.dll
0x00007ff9dd970000 - 0x00007ff9dd982000 	C:\windows\System32\winrnr.dll
0x00007ff9dd950000 - 0x00007ff9dd965000 	C:\windows\system32\wshbth.dll
0x00007ff9dd930000 - 0x00007ff9dd94f000 	C:\windows\system32\nlansp_c.dll
0x00007ff9fe060000 - 0x00007ff9fe06c000 	C:\windows\SYSTEM32\WINNSI.DLL
0x0000000180000000 - 0x0000000180286000 	D:\tomcat\apache-tomcat-9.0.50\bin\tcnative-1.dll
0x00007ffa050c0000 - 0x00007ffa05222000 	C:\windows\System32\CRYPT32.dll
0x00007ff9e80c0000 - 0x00007ff9e80e5000 	C:\Users\t-j-m\.jdks\azul-13.0.13\bin\sunec.dll
0x00007ff9e8050000 - 0x00007ff9e805e000 	C:\Users\t-j-m\.jdks\azul-13.0.13\bin\sunmscapi.dll
0x00007ffa042a0000 - 0x00007ffa042c8000 	C:\windows\SYSTEM32\ncrypt.dll
0x00007ffa04260000 - 0x00007ffa04297000 	C:\windows\SYSTEM32\NTASN1.dll

dbghelp: loaded successfully - version: 4.0.5 - missing functions: none
symbol engine: initialized successfully - sym options: 0x614 - pdb path: .;C:\Users\t-j-m\.jdks\azul-13.0.13\bin;C:\windows\SYSTEM32;C:\windows\WinSxS\amd64_microsoft.windows.common-controls_6595b64144ccf1df_6.0.22000.120_none_9d947278b86cc467;C:\Users\t-j-m\.jdks\azul-13.0.13\bin\server;D:\idea\IntelliJ IDEA 2022.3\bin;D:\tomcat\apache-tomcat-9.0.50\bin

VM Arguments:
jvm_args: -XX:TieredStopAtLevel=1 -Dspring.output.ansi.enabled=always -Dcom.sun.management.jmxremote -Dspring.jmx.enabled=true -Dspring.liveBeansView.mbeanDomain -Dspring.application.admin.enabled=true -Dmanagement.endpoints.jmx.exposure.include=* -javaagent:D:\idea\IntelliJ IDEA 2022.3\lib\idea_rt.jar=57916:D:\idea\IntelliJ IDEA 2022.3\bin -Dfile.encoding=UTF-8 
java_command: com.trkj.yuyueredis.YuyueRedisApplication
java_class_path (initial): D:\idea\ideawork\yuyue\yuyue-redis\target\classes;D:\idea\ideawork\yuyue\yuyue-api\target\classes;D:\jar\io\jsonwebtoken\jjwt\0.9.1\jjwt-0.9.1.jar;D:\jar\com\fasterxml\jackson\core\jackson-databind\2.11.3\jackson-databind-2.11.3.jar;D:\jar\com\fasterxml\jackson\core\jackson-annotations\2.11.3\jackson-annotations-2.11.3.jar;D:\jar\org\springframework\boot\spring-boot-starter\2.3.7.RELEASE\spring-boot-starter-2.3.7.RELEASE.jar;D:\jar\org\springframework\boot\spring-boot\2.3.7.RELEASE\spring-boot-2.3.7.RELEASE.jar;D:\jar\org\springframework\boot\spring-boot-starter-logging\2.3.7.RELEASE\spring-boot-starter-logging-2.3.7.RELEASE.jar;D:\jar\ch\qos\logback\logback-classic\1.2.3\logback-classic-1.2.3.jar;D:\jar\ch\qos\logback\logback-core\1.2.3\logback-core-1.2.3.jar;D:\jar\org\apache\logging\log4j\log4j-to-slf4j\2.13.3\log4j-to-slf4j-2.13.3.jar;D:\jar\org\apache\logging\log4j\log4j-api\2.13.3\log4j-api-2.13.3.jar;D:\jar\org\slf4j\jul-to-slf4j\1.7.30\jul-to-slf4j-1.7.30.jar;D:\jar\jakarta\annotation\jakarta.annotation-api\1.3.5\jakarta.annotation-api-1.3.5.jar;D:\jar\org\yaml\snakeyaml\1.26\snakeyaml-1.26.jar;D:\jar\org\aspectj\aspectjweaver\1.9.6\aspectjweaver-1.9.6.jar;D:\jar\com\github\pagehelper\pagehelper-spring-boot-starter\1.2.13\pagehelper-spring-boot-starter-1.2.13.jar;D:\jar\org\mybatis\spring\boot\mybatis-spring-boot-starter\2.1.1\mybatis-spring-boot-starter-2.1.1.jar;D:\jar\org\springframework\boot\spring-boot-starter-jdbc\2.3.7.RELEASE\spring-boot-starter-jdbc-2.3.7.RELEASE.jar;D:\jar\com\zaxxer\HikariCP\3.4.5\HikariCP-3.4.5.jar;D:\jar\org\springframework\spring-jdbc\5.2.12.RELEASE\spring-jdbc-5.2.12.RELEASE.jar;D:\jar\org\mybatis\spring\boot\mybatis-spring-boot-autoconfigure\2.1.1\mybatis-spring-boot-autoconfigure-2.1.1.jar;D:\jar\org\mybatis\mybatis\3.5.3\mybatis-3.5.3.jar;D:\jar\org\mybatis\mybatis-spring\2.0.3\mybatis-spring-2.0.3.jar;D:\jar\com\github\pagehelper\pagehelper-spring-boot-autoconfigure\1.2.13\pagehelper-spring-boo
Launcher Type: SUN_STANDARD

[Global flags]
     intx CICompilerCount                          = 12                                        {product} {ergonomic}
     uint ConcGCThreads                            = 3                                         {product} {ergonomic}
     uint G1ConcRefinementThreads                  = 13                                        {product} {ergonomic}
   size_t G1HeapRegionSize                         = 1048576                                   {product} {ergonomic}
    uintx GCDrainStackTargetSize                   = 64                                        {product} {ergonomic}
   size_t InitialHeapSize                          = 264241152                                 {product} {ergonomic}
     bool ManagementServer                         = true                                      {product} {command line}
   size_t MarkStackSize                            = 4194304                                   {product} {ergonomic}
   size_t MaxHeapSize                              = 4208984064                                {product} {ergonomic}
   size_t MaxNewSize                               = 2524971008                                {product} {ergonomic}
   size_t MinHeapDeltaBytes                        = 1048576                                   {product} {ergonomic}
   size_t MinHeapSize                              = 8388608                                   {product} {ergonomic}
    uintx NonNMethodCodeHeapSize                   = 12163472                               {pd product} {ergonomic}
    uintx NonProfiledCodeHeapSize                  = 239494768                              {pd product} {ergonomic}
    uintx ProfiledCodeHeapSize                     = 0                                      {pd product} {ergonomic}
    uintx ReservedCodeCacheSize                    = 251658240                              {pd product} {ergonomic}
     bool SegmentedCodeCache                       = true                                      {product} {ergonomic}
   size_t SoftMaxHeapSize                          = 4208984064                             {manageable} {ergonomic}
     intx TieredStopAtLevel                        = 1                                         {product} {command line}
     bool UseCompressedClassPointers               = true                                 {lp64_product} {ergonomic}
     bool UseCompressedOops                        = true                                 {lp64_product} {ergonomic}
     bool UseG1GC                                  = true                                      {product} {ergonomic}
     bool UseLargePagesIndividualAllocation        = false                                  {pd product} {ergonomic}

Logging:
Log output configuration:
 #0: stdout all=warning uptime,level,tags
 #1: stderr all=off uptime,level,tags

Environment Variables:
JAVA_HOME=D:\java\jdk
JRE_HOME=D:\java\jre
CLASSPATH=.;D:\java\jdk\lib;D:\java\jdk\lib\dt.jar;D:\java\jdk\lib\tools.jar
PATH=D:\Oracle-Client;D:\Oracle\product\11.2.0\dbhome_1\bin;C:\Program Files (x86)\Common Files\Oracle\Java\javapath;C:\windows\system32;C:\windows;C:\windows\System32\Wbem;C:\windows\System32\WindowsPowerShell\v1.0\;C:\windows\System32\OpenSSH\;C:\Program Files (x86)\NVIDIA Corporation\PhysX\Common;C:\Program Files\NVIDIA Corporation\NVIDIA NvDLISR;D:\MySql\bin;D:\Redis\;D:\nodejs\;"D:\java\jdk\bin;D:\java\jdk\jre\bin;";D:\nodejs;D:\nodejs\node_modules;D:\nodejs\node_global\;D:\tomcat\apache-tomcat-9.0.50\bin;D:\tomcat\apache-tomcat-9.0.50\lib;D:\Git\cmd;D:\apache-maven-3.6.3\bin;C:\Users\t-j-m\AppData\Local\Microsoft\WindowsApps;D:\VS\Microsoft VS Code\bin;C:\Users\t-j-m\AppData\Roaming\npm;D:\PyCharm\PyCharm Community Edition 2020.2.1\bin
USERNAME=t-j-m
OS=Windows_NT
PROCESSOR_IDENTIFIER=Intel64 Family 6 Model 154 Stepping 3, GenuineIntel



---------------  S Y S T E M  ---------------

OS: Windows 11 , 64 bit Build 22000 (10.0.22000.1335)
OS uptime: 0 days 14:19 hours

CPU:total 16 (initial active 16) (8 cores per cpu, 2 threads per core) family 6 model 154 stepping 3, cmov, cx8, fxsr, mmx, sse, sse2, sse3, ssse3, sse4.1, sse4.2, popcnt, avx, avx2, aes, clmul, erms, 3dnowpref, lzcnt, ht, tsc, tscinvbit, bmi1, bmi2, adx, sha, fma

Memory: 4k page, system-wide physical 16052M (1528M free)
TotalPageFile size 41652M (AvailPageFile size 6M)
current process WorkingSet (physical memory assigned to process): 300M, peak: 300M
current process commit charge ("private bytes"): 384M, peak: 418M

vm_info: OpenJDK 64-Bit Server VM (13.0.13+5-MTS) for windows-amd64 JRE (13.0.13+5-MTS) (Zulu13.52+15-CA), built on Oct  9 2022 10:53:20 by "zulu_re" with MS VC++ 15.9 (VS2017)

END.
